-------------------------------------------------------------------------------
Test set: com.example.demo.DemoApplicationTests
-------------------------------------------------------------------------------
Tests run: 1, Failures: 0, Errors: 1, Skipped: 0, Time elapsed: 1.812 s <<< FAILURE! - in com.example.demo.DemoApplicationTests
contextLoads  Time elapsed: 0.01 s  <<< ERROR!
java.lang.IllegalStateException: Failed to load ApplicationContext for [WebMergedContextConfiguration@b34832b testClass = com.example.demo.DemoApplicationTests, locations = [], classes = [com.example.demo.DemoApplication], contextInitializerClasses = [], activeProfiles = [], propertySourceLocations = [], propertySourceProperties = ["org.springframework.boot.test.context.SpringBootTestContextBootstrapper=true"], contextCustomizers = [org.springframework.boot.test.context.filter.ExcludeFilterContextCustomizer@30bce90b, org.springframework.boot.test.json.DuplicateJsonObjectContextCustomizerFactory$DuplicateJsonObjectContextCustomizer@3406472c, org.springframework.boot.test.mock.mockito.MockitoContextCustomizer@0, org.springframework.boot.test.web.client.TestRestTemplateContextCustomizer@1fb19a0, org.springframework.boot.test.autoconfigure.actuate.observability.ObservabilityContextCustomizerFactory$DisableObservabilityContextCustomizer@9da1, org.springframework.boot.test.autoconfigure.properties.PropertyMappingContextCustomizer@0, org.springframework.boot.test.autoconfigure.web.servlet.WebDriverContextCustomizerFactory$Customizer@573906eb, org.springframework.boot.test.context.SpringBootTestAnnotation@33dc37c6], resourceBasePath = "src/main/webapp", contextLoader = org.springframework.boot.test.context.SpringBootContextLoader, parent = null]
Caused by: org.springframework.beans.factory.UnsatisfiedDependencyException: Error creating bean with name 'org.springframework.boot.autoconfigure.web.servlet.WebMvcAutoConfiguration$EnableWebMvcConfiguration': Unsatisfied dependency expressed through method 'setConfigurers' parameter 0: Error creating bean with name 'hypermediaWebMvcConfigurer' defined in class path resource [org/springframework/hateoas/config/WebMvcHateoasConfiguration.class]: Unsatisfied dependency expressed through method 'hypermediaWebMvcConfigurer' parameter 0: Error creating bean with name 'hypermediaWebMvcConverters' defined in class path resource [org/springframework/hateoas/config/HateoasConfiguration.class]: Unsatisfied dependency expressed through method 'hypermediaWebMvcConverters' parameter 1: Error creating bean with name 'org.springframework.hateoas.mediatype.hal.HalMediaTypeConfiguration': Unsatisfied dependency expressed through constructor parameter 0: Error creating bean with name '_relProvider' defined in class path resource [org/springframework/hateoas/config/HateoasConfiguration.class]: Unsatisfied dependency expressed through method '_relProvider' parameter 0: Error creating bean with name 'relProviderPluginRegistry' defined in class path resource [org/springframework/hateoas/config/HateoasConfiguration.class]: Failed to instantiate [org.springframework.plugin.core.OrderAwarePluginRegistry]: Factory method 'relProviderPluginRegistry' threw exception with message: org/springframework/util/comparator/InvertibleComparator
Caused by: org.springframework.beans.factory.UnsatisfiedDependencyException: Error creating bean with name 'hypermediaWebMvcConfigurer' defined in class path resource [org/springframework/hateoas/config/WebMvcHateoasConfiguration.class]: Unsatisfied dependency expressed through method 'hypermediaWebMvcConfigurer' parameter 0: Error creating bean with name 'hypermediaWebMvcConverters' defined in class path resource [org/springframework/hateoas/config/HateoasConfiguration.class]: Unsatisfied dependency expressed through method 'hypermediaWebMvcConverters' parameter 1: Error creating bean with name 'org.springframework.hateoas.mediatype.hal.HalMediaTypeConfiguration': Unsatisfied dependency expressed through constructor parameter 0: Error creating bean with name '_relProvider' defined in class path resource [org/springframework/hateoas/config/HateoasConfiguration.class]: Unsatisfied dependency expressed through method '_relProvider' parameter 0: Error creating bean with name 'relProviderPluginRegistry' defined in class path resource [org/springframework/hateoas/config/HateoasConfiguration.class]: Failed to instantiate [org.springframework.plugin.core.OrderAwarePluginRegistry]: Factory method 'relProviderPluginRegistry' threw exception with message: org/springframework/util/comparator/InvertibleComparator
Caused by: org.springframework.beans.factory.UnsatisfiedDependencyException: Error creating bean with name 'hypermediaWebMvcConverters' defined in class path resource [org/springframework/hateoas/config/HateoasConfiguration.class]: Unsatisfied dependency expressed through method 'hypermediaWebMvcConverters' parameter 1: Error creating bean with name 'org.springframework.hateoas.mediatype.hal.HalMediaTypeConfiguration': Unsatisfied dependency expressed through constructor parameter 0: Error creating bean with name '_relProvider' defined in class path resource [org/springframework/hateoas/config/HateoasConfiguration.class]: Unsatisfied dependency expressed through method '_relProvider' parameter 0: Error creating bean with name 'relProviderPluginRegistry' defined in class path resource [org/springframework/hateoas/config/HateoasConfiguration.class]: Failed to instantiate [org.springframework.plugin.core.OrderAwarePluginRegistry]: Factory method 'relProviderPluginRegistry' threw exception with message: org/springframework/util/comparator/InvertibleComparator
Caused by: org.springframework.beans.factory.UnsatisfiedDependencyException: Error creating bean with name 'org.springframework.hateoas.mediatype.hal.HalMediaTypeConfiguration': Unsatisfied dependency expressed through constructor parameter 0: Error creating bean with name '_relProvider' defined in class path resource [org/springframework/hateoas/config/HateoasConfiguration.class]: Unsatisfied dependency expressed through method '_relProvider' parameter 0: Error creating bean with name 'relProviderPluginRegistry' defined in class path resource [org/springframework/hateoas/config/HateoasConfiguration.class]: Failed to instantiate [org.springframework.plugin.core.OrderAwarePluginRegistry]: Factory method 'relProviderPluginRegistry' threw exception with message: org/springframework/util/comparator/InvertibleComparator
Caused by: org.springframework.beans.factory.UnsatisfiedDependencyException: Error creating bean with name '_relProvider' defined in class path resource [org/springframework/hateoas/config/HateoasConfiguration.class]: Unsatisfied dependency expressed through method '_relProvider' parameter 0: Error creating bean with name 'relProviderPluginRegistry' defined in class path resource [org/springframework/hateoas/config/HateoasConfiguration.class]: Failed to instantiate [org.springframework.plugin.core.OrderAwarePluginRegistry]: Factory method 'relProviderPluginRegistry' threw exception with message: org/springframework/util/comparator/InvertibleComparator
Caused by: org.springframework.beans.factory.BeanCreationException: Error creating bean with name 'relProviderPluginRegistry' defined in class path resource [org/springframework/hateoas/config/HateoasConfiguration.class]: Failed to instantiate [org.springframework.plugin.core.OrderAwarePluginRegistry]: Factory method 'relProviderPluginRegistry' threw exception with message: org/springframework/util/comparator/InvertibleComparator
Caused by: org.springframework.beans.BeanInstantiationException: Failed to instantiate [org.springframework.plugin.core.OrderAwarePluginRegistry]: Factory method 'relProviderPluginRegistry' threw exception with message: org/springframework/util/comparator/InvertibleComparator
Caused by: java.lang.NoClassDefFoundError: org/springframework/util/comparator/InvertibleComparator
Caused by: java.lang.ClassNotFoundException: org.springframework.util.comparator.InvertibleComparator

